\BOOKMARK [0][-]{section*.2}{List of Figures}{}% 1
\BOOKMARK [0][-]{section*.4}{List of Tables}{}% 2
\BOOKMARK [0][-]{chapter.1}{Introduction}{}% 3
\BOOKMARK [1][-]{section.1.1}{State of the Art}{chapter.1}% 4
\BOOKMARK [1][-]{section.1.2}{Some Meaningless Stuff}{chapter.1}% 5
\BOOKMARK [0][-]{chapter.2}{Introduction}{}% 6
\BOOKMARK [1][-]{section.2.1}{State of the Art}{chapter.2}% 7
\BOOKMARK [1][-]{section.2.2}{Some Meaningless Stuff}{chapter.2}% 8
\BOOKMARK [0][-]{chapter.3}{Introduction}{}% 9
\BOOKMARK [1][-]{section.3.1}{State of the Art}{chapter.3}% 10
\BOOKMARK [1][-]{section.3.2}{Some Meaningless Stuff}{chapter.3}% 11
\BOOKMARK [0][-]{section*.7}{References}{}% 12
\BOOKMARK [0][-]{appendix*.9}{APPENDICES}{}% 13
\BOOKMARK [0][-]{appendix.A}{PDF Plots From Matlab}{}% 14
\BOOKMARK [1][-]{section.A.1}{Using the Graphical User Interface}{appendix.A}% 15
\BOOKMARK [1][-]{section.A.2}{From the Command Line}{appendix.A}% 16
\BOOKMARK [0][-]{section*.10}{Glossary}{}% 17
\BOOKMARK [0][-]{section*.12}{Abbreviations}{}% 18
\BOOKMARK [0][-]{section*.14}{Nomenclature}{}% 19
\BOOKMARK [0][-]{section*.16}{List of Symbols}{}% 20
